<?xml version="1.0" encoding="UTF-8"?>
<!-- Generated by org.testng.reporters.JUnitReportReporter -->
<testsuite hostname="LTIN368401" failures="0" tests="2" name="com.testPractice.FirstTest" time="0.003" errors="0" timestamp="2024-05-05T17:31:10 IST" skipped="0">
  <testcase classname="com.testPractice.FirstTest" name="testFaceBook" time="0.002"/>
  <system-out/>
  <testcase classname="com.testPractice.FirstTest" name="testGoogle" time="0.001"/>
  <system-out/>
</testsuite> <!-- com.testPractice.FirstTest -->
