<?xml version="1.0" encoding="UTF-8"?>
<!-- Generated by org.testng.reporters.JUnitReportReporter -->
<testsuite hostname="LTIN368401" failures="0" tests="1" name="com.testPractice.OrangeHRM" time="0.009" errors="0" timestamp="2024-05-05T19:55:40 IST" skipped="0">
  <testcase classname="com.testPractice.OrangeHRM" name="login" time="0.009"/>
  <system-out/>
</testsuite> <!-- com.testPractice.OrangeHRM -->
