<?xml version="1.0" encoding="UTF-8"?>
<!-- Generated by org.testng.reporters.JUnitReportReporter -->
<testsuite hostname="LTIN368401" failures="0" tests="2" name="com.testPractice.Annotation" time="0.066" errors="0" timestamp="2024-05-05T19:55:40 IST" skipped="0">
  <testcase classname="com.testPractice.Annotation" name="annotationtestMethodtest2" time="0.015"/>
  <system-out/>
  <testcase classname="com.testPractice.Annotation" name="annotationtestMethodtest1" time="0.051"/>
  <system-out/>
</testsuite> <!-- com.testPractice.Annotation -->
